# JRE version: Java(TM) SE Runtime Environment (8.0_161-b12) (build 1.8.0_161-b12)
# Java VM: Java HotSpot(TM) 64-Bit Server VM (25.161-b12 mixed mode windows-amd64 compressed oops)
Heap:
 PSYoungGen      total 286208K, used 66101K [0x000000076b380000, 0x000000077ee80000, 0x00000007c0000000)
  eden space 259072K, 15% used [0x000000076b380000,0x000000076dbdf6d8,0x000000077b080000)
  from space 27136K, 91% used [0x000000077ce00000,0x000000077e62e050,0x000000077e880000)
  to   space 30208K, 0% used [0x000000077b080000,0x000000077b080000,0x000000077ce00000)
 ParOldGen       total 175104K, used 29743K [0x00000006c1a00000, 0x00000006cc500000, 0x000000076b380000)
  object space 175104K, 16% used [0x00000006c1a00000,0x00000006c370bcb0,0x00000006cc500000)
 Metaspace       used 17525K, capacity 18000K, committed 18304K, reserved 1064960K
  class space    used 2006K, capacity 2132K, committed 2176K, reserved 1048576K
GC Heap History (10 events):
Event: 2.984 GC heap before
{Heap before GC invocations=2 (full 0):
 PSYoungGen      total 76288K, used 74556K [0x000000076b380000, 0x0000000770880000, 0x00000007c0000000)
  eden space 65536K, 100% used [0x000000076b380000,0x000000076f380000,0x000000076f380000)
  from space 10752K, 83% used [0x000000076f380000,0x000000076fc4f168,0x000000076fe00000)
  to   space 10752K, 0% used [0x000000076fe00000,0x000000076fe00000,0x0000000770880000)
 ParOldGen       total 175104K, used 16K [0x00000006c1a00000, 0x00000006cc500000, 0x000000076b380000)
  object space 175104K, 0% used [0x00000006c1a00000,0x00000006c1a04000,0x00000006cc500000)
 Metaspace       used 15206K, capacity 15484K, committed 15872K, reserved 1062912K
  class space    used 1851K, capacity 1945K, committed 2048K, reserved 1048576K
Event: 3.014 GC heap after
Heap after GC invocations=2 (full 0):
 PSYoungGen      total 76288K, used 10731K [0x000000076b380000, 0x0000000774880000, 0x00000007c0000000)
  eden space 65536K, 0% used [0x000000076b380000,0x000000076b380000,0x000000076f380000)
  from space 10752K, 99% used [0x000000076fe00000,0x000000077087aee0,0x0000000770880000)
  to   space 10752K, 0% used [0x000000076f380000,0x000000076f380000,0x000000076fe00000)
 ParOldGen       total 175104K, used 1945K [0x00000006c1a00000, 0x00000006cc500000, 0x000000076b380000)
  object space 175104K, 1% used [0x00000006c1a00000,0x00000006c1be6510,0x00000006cc500000)
 Metaspace       used 15206K, capacity 15484K, committed 15872K, reserved 1062912K
  class space    used 1851K, capacity 1945K, committed 2048K, reserved 1048576K
}
Event: 3.622 GC heap before
{Heap before GC invocations=3 (full 0):
 PSYoungGen      total 76288K, used 76267K [0x000000076b380000, 0x0000000774880000, 0x00000007c0000000)
  eden space 65536K, 100% used [0x000000076b380000,0x000000076f380000,0x000000076f380000)
  from space 10752K, 99% used [0x000000076fe00000,0x000000077087aee0,0x0000000770880000)
  to   space 10752K, 0% used [0x000000076f380000,0x000000076f380000,0x000000076fe00000)
 ParOldGen       total 175104K, used 1945K [0x00000006c1a00000, 0x00000006cc500000, 0x000000076b380000)
  object space 175104K, 1% used [0x00000006c1a00000,0x00000006c1be6510,0x00000006cc500000)
 Metaspace       used 15540K, capacity 15880K, committed 16128K, reserved 1062912K
  class space    used 1852K, capacity 1947K, committed 2048K, reserved 1048576K
Event: 3.665 GC heap after
Heap after GC invocations=3 (full 0):
 PSYoungGen      total 76288K, used 10744K [0x000000076b380000, 0x0000000774880000, 0x00000007c0000000)
  eden space 65536K, 0% used [0x000000076b380000,0x000000076b380000,0x000000076f380000)
  from space 10752K, 99% used [0x000000076f380000,0x000000076fdfe030,0x000000076fe00000)
  to   space 10752K, 0% used [0x0000000773e00000,0x0000000773e00000,0x0000000774880000)
 ParOldGen       total 175104K, used 10612K [0x00000006c1a00000, 0x00000006cc500000, 0x000000076b380000)
  object space 175104K, 6% used [0x00000006c1a00000,0x00000006c245d190,0x00000006cc500000)
 Metaspace       used 15540K, capacity 15880K, committed 16128K, reserved 1062912K
  class space    used 1852K, capacity 1947K, committed 2048K, reserved 1048576K
}
Event: 4.261 GC heap before
{Heap before GC invocations=4 (full 0):
 PSYoungGen      total 76288K, used 76280K [0x000000076b380000, 0x0000000774880000, 0x00000007c0000000)
  eden space 65536K, 100% used [0x000000076b380000,0x000000076f380000,0x000000076f380000)
  from space 10752K, 99% used [0x000000076f380000,0x000000076fdfe030,0x000000076fe00000)
  to   space 10752K, 0% used [0x0000000773e00000,0x0000000773e00000,0x0000000774880000)
 ParOldGen       total 175104K, used 10612K [0x00000006c1a00000, 0x00000006cc500000, 0x000000076b380000)
  object space 175104K, 6% used [0x00000006c1a00000,0x00000006c245d190,0x00000006cc500000)
 Metaspace       used 16159K, capacity 16556K, committed 16896K, reserved 1064960K
  class space    used 1893K, capacity 1979K, committed 2048K, reserved 1048576K
Event: 4.297 GC heap after
Heap after GC invocations=4 (full 0):
 PSYoungGen      total 141824K, used 10744K [0x000000076b380000, 0x0000000774880000, 0x00000007c0000000)
  eden space 131072K, 0% used [0x000000076b380000,0x000000076b380000,0x0000000773380000)
  from space 10752K, 99% used [0x0000000773e00000,0x000000077487e050,0x0000000774880000)
  to   space 10752K, 0% used [0x0000000773380000,0x0000000773380000,0x0000000773e00000)
 ParOldGen       total 175104K, used 17141K [0x00000006c1a00000, 0x00000006cc500000, 0x000000076b380000)
  object space 175104K, 9% used [0x00000006c1a00000,0x00000006c2abd4d8,0x00000006cc500000)
 Metaspace       used 16159K, capacity 16556K, committed 16896K, reserved 1064960K
  class space    used 1893K, capacity 1979K, committed 2048K, reserved 1048576K
}
Event: 5.722 GC heap before
{Heap before GC invocations=5 (full 0):
 PSYoungGen      total 141824K, used 141816K [0x000000076b380000, 0x0000000774880000, 0x00000007c0000000)
  eden space 131072K, 100% used [0x000000076b380000,0x0000000773380000,0x0000000773380000)
  from space 10752K, 99% used [0x0000000773e00000,0x000000077487e050,0x0000000774880000)
  to   space 10752K, 0% used [0x0000000773380000,0x0000000773380000,0x0000000773e00000)
 ParOldGen       total 175104K, used 17141K [0x00000006c1a00000, 0x00000006cc500000, 0x000000076b380000)
  object space 175104K, 9% used [0x00000006c1a00000,0x00000006c2abd4d8,0x00000006cc500000)
 Metaspace       used 16572K, capacity 16988K, committed 17152K, reserved 1064960K
  class space    used 1901K, capacity 1987K, committed 2048K, reserved 1048576K
Event: 5.766 GC heap after
Heap after GC invocations=5 (full 0):
 PSYoungGen      total 141824K, used 10744K [0x000000076b380000, 0x000000077e880000, 0x00000007c0000000)
  eden space 131072K, 0% used [0x000000076b380000,0x000000076b380000,0x0000000773380000)
  from space 10752K, 99% used [0x0000000773380000,0x0000000773dfe030,0x0000000773e00000)
  to   space 27136K, 0% used [0x000000077ce00000,0x000000077ce00000,0x000000077e880000)
 ParOldGen       total 175104K, used 29735K [0x00000006c1a00000, 0x00000006cc500000, 0x000000076b380000)
  object space 175104K, 16% used [0x00000006c1a00000,0x00000006c3709cb0,0x00000006cc500000)
 Metaspace       used 16572K, capacity 16988K, committed 17152K, reserved 1064960K
  class space    used 1901K, capacity 1987K, committed 2048K, reserved 1048576K
}
Event: 7.500 GC heap before
{Heap before GC invocations=6 (full 0):
 PSYoungGen      total 141824K, used 141816K [0x000000076b380000, 0x000000077e880000, 0x00000007c0000000)
  eden space 131072K, 100% used [0x000000076b380000,0x0000000773380000,0x0000000773380000)
  from space 10752K, 99% used [0x0000000773380000,0x0000000773dfe030,0x0000000773e00000)
  to   space 27136K, 0% used [0x000000077ce00000,0x000000077ce00000,0x000000077e880000)
 ParOldGen       total 175104K, used 29735K [0x00000006c1a00000, 0x00000006cc500000, 0x000000076b380000)
  object space 175104K, 16% used [0x00000006c1a00000,0x00000006c3709cb0,0x00000006cc500000)
 Metaspace       used 16853K, capacity 17294K, committed 17408K, reserved 1064960K
  class space    used 1918K, capacity 2022K, committed 2048K, reserved 1048576K
Event: 7.536 GC heap after
Heap after GC invocations=6 (full 0):
 PSYoungGen      total 286208K, used 24760K [0x000000076b380000, 0x000000077ee80000, 0x00000007c0000000)
  eden space 259072K, 0% used [0x000000076b380000,0x000000076b380000,0x000000077b080000)
  from space 27136K, 91% used [0x000000077ce00000,0x000000077e62e050,0x000000077e880000)
  to   space 30208K, 0% used [0x000000077b080000,0x000000077b080000,0x000000077ce00000)
 ParOldGen       total 175104K, used 29743K [0x00000006c1a00000, 0x00000006cc500000, 0x000000076b380000)
  object space 175104K, 16% used [0x00000006c1a00000,0x00000006c370bcb0,0x00000006cc500000)
 Metaspace       used 16853K, capacity 17294K, committed 17408K, reserved 1064960K
  class space    used 1918K, capacity 2022K, committed 2048K, reserved 1048576K
}

